2023-12-02_17-56-15: config: {'n_epochs': 10, 'batch_size': 32, 'h': 224, 'w': 224, 'lr': 1e-05, 'optimizer': 'adam', 'momentum': 0.9, 'device': 'cuda', 'n_gpus': 2, 'kernel_size': 3, 'flatten': False, 'model': 'resnet', 'num_blocks_list': [3, 2, 3, 4], 'is_batchnorm': False}
2023-12-02_17-56-15: conv1.0.weight: torch.Size([64, 3, 3, 3])
2023-12-02_17-56-15: conv1.1.weight: torch.Size([64])
2023-12-02_17-56-15: conv1.1.bias: torch.Size([64])
2023-12-02_17-56-15: conv2_x.0.sequence.0.weight: torch.Size([64, 64, 3, 3])
2023-12-02_17-56-15: conv2_x.0.sequence.1.weight: torch.Size([64])
2023-12-02_17-56-15: conv2_x.0.sequence.1.bias: torch.Size([64])
2023-12-02_17-56-15: conv2_x.0.sequence.3.weight: torch.Size([64, 64, 3, 3])
2023-12-02_17-56-15: conv2_x.0.sequence.4.weight: torch.Size([64])
2023-12-02_17-56-15: conv2_x.0.sequence.4.bias: torch.Size([64])
2023-12-02_17-56-15: conv2_x.1.sequence.0.weight: torch.Size([64, 64, 3, 3])
2023-12-02_17-56-15: conv2_x.1.sequence.1.weight: torch.Size([64])
2023-12-02_17-56-15: conv2_x.1.sequence.1.bias: torch.Size([64])
2023-12-02_17-56-15: conv2_x.1.sequence.3.weight: torch.Size([64, 64, 3, 3])
2023-12-02_17-56-15: conv2_x.1.sequence.4.weight: torch.Size([64])
2023-12-02_17-56-15: conv2_x.1.sequence.4.bias: torch.Size([64])
2023-12-02_17-56-15: conv2_x.2.sequence.0.weight: torch.Size([64, 64, 3, 3])
2023-12-02_17-56-15: conv2_x.2.sequence.1.weight: torch.Size([64])
2023-12-02_17-56-15: conv2_x.2.sequence.1.bias: torch.Size([64])
2023-12-02_17-56-15: conv2_x.2.sequence.3.weight: torch.Size([64, 64, 3, 3])
2023-12-02_17-56-15: conv2_x.2.sequence.4.weight: torch.Size([64])
2023-12-02_17-56-15: conv2_x.2.sequence.4.bias: torch.Size([64])
2023-12-02_17-56-15: conv3_x.0.sequence.0.weight: torch.Size([128, 64, 3, 3])
2023-12-02_17-56-15: conv3_x.0.sequence.1.weight: torch.Size([128])
2023-12-02_17-56-15: conv3_x.0.sequence.1.bias: torch.Size([128])
2023-12-02_17-56-15: conv3_x.0.sequence.3.weight: torch.Size([128, 128, 3, 3])
2023-12-02_17-56-15: conv3_x.0.sequence.4.weight: torch.Size([128])
2023-12-02_17-56-15: conv3_x.0.sequence.4.bias: torch.Size([128])
2023-12-02_17-56-15: conv3_x.0.shortcut.0.weight: torch.Size([128, 64, 1, 1])
2023-12-02_17-56-15: conv3_x.0.shortcut.1.weight: torch.Size([128])
2023-12-02_17-56-15: conv3_x.0.shortcut.1.bias: torch.Size([128])
2023-12-02_17-56-15: conv3_x.1.sequence.0.weight: torch.Size([128, 128, 3, 3])
2023-12-02_17-56-15: conv3_x.1.sequence.1.weight: torch.Size([128])
2023-12-02_17-56-15: conv3_x.1.sequence.1.bias: torch.Size([128])
2023-12-02_17-56-15: conv3_x.1.sequence.3.weight: torch.Size([128, 128, 3, 3])
2023-12-02_17-56-15: conv3_x.1.sequence.4.weight: torch.Size([128])
2023-12-02_17-56-15: conv3_x.1.sequence.4.bias: torch.Size([128])
2023-12-02_17-56-15: conv4_x.0.sequence.0.weight: torch.Size([256, 128, 3, 3])
2023-12-02_17-56-15: conv4_x.0.sequence.1.weight: torch.Size([256])
2023-12-02_17-56-15: conv4_x.0.sequence.1.bias: torch.Size([256])
2023-12-02_17-56-15: conv4_x.0.sequence.3.weight: torch.Size([256, 256, 3, 3])
2023-12-02_17-56-15: conv4_x.0.sequence.4.weight: torch.Size([256])
2023-12-02_17-56-15: conv4_x.0.sequence.4.bias: torch.Size([256])
2023-12-02_17-56-15: conv4_x.0.shortcut.0.weight: torch.Size([256, 128, 1, 1])
2023-12-02_17-56-15: conv4_x.0.shortcut.1.weight: torch.Size([256])
2023-12-02_17-56-15: conv4_x.0.shortcut.1.bias: torch.Size([256])
2023-12-02_17-56-15: conv4_x.1.sequence.0.weight: torch.Size([256, 256, 3, 3])
2023-12-02_17-56-15: conv4_x.1.sequence.1.weight: torch.Size([256])
2023-12-02_17-56-15: conv4_x.1.sequence.1.bias: torch.Size([256])
2023-12-02_17-56-15: conv4_x.1.sequence.3.weight: torch.Size([256, 256, 3, 3])
2023-12-02_17-56-15: conv4_x.1.sequence.4.weight: torch.Size([256])
2023-12-02_17-56-15: conv4_x.1.sequence.4.bias: torch.Size([256])
2023-12-02_17-56-15: conv4_x.2.sequence.0.weight: torch.Size([256, 256, 3, 3])
2023-12-02_17-56-15: conv4_x.2.sequence.1.weight: torch.Size([256])
2023-12-02_17-56-15: conv4_x.2.sequence.1.bias: torch.Size([256])
2023-12-02_17-56-15: conv4_x.2.sequence.3.weight: torch.Size([256, 256, 3, 3])
2023-12-02_17-56-15: conv4_x.2.sequence.4.weight: torch.Size([256])
2023-12-02_17-56-15: conv4_x.2.sequence.4.bias: torch.Size([256])
2023-12-02_17-56-15: conv5_x.0.sequence.0.weight: torch.Size([512, 256, 3, 3])
2023-12-02_17-56-15: conv5_x.0.sequence.1.weight: torch.Size([512])
2023-12-02_17-56-15: conv5_x.0.sequence.1.bias: torch.Size([512])
2023-12-02_17-56-15: conv5_x.0.sequence.3.weight: torch.Size([512, 512, 3, 3])
2023-12-02_17-56-15: conv5_x.0.sequence.4.weight: torch.Size([512])
2023-12-02_17-56-15: conv5_x.0.sequence.4.bias: torch.Size([512])
2023-12-02_17-56-15: conv5_x.0.shortcut.0.weight: torch.Size([512, 256, 1, 1])
2023-12-02_17-56-15: conv5_x.0.shortcut.1.weight: torch.Size([512])
2023-12-02_17-56-15: conv5_x.0.shortcut.1.bias: torch.Size([512])
2023-12-02_17-56-15: conv5_x.1.sequence.0.weight: torch.Size([512, 512, 3, 3])
2023-12-02_17-56-15: conv5_x.1.sequence.1.weight: torch.Size([512])
2023-12-02_17-56-15: conv5_x.1.sequence.1.bias: torch.Size([512])
2023-12-02_17-56-15: conv5_x.1.sequence.3.weight: torch.Size([512, 512, 3, 3])
2023-12-02_17-56-15: conv5_x.1.sequence.4.weight: torch.Size([512])
2023-12-02_17-56-15: conv5_x.1.sequence.4.bias: torch.Size([512])
2023-12-02_17-56-15: conv5_x.2.sequence.0.weight: torch.Size([512, 512, 3, 3])
2023-12-02_17-56-15: conv5_x.2.sequence.1.weight: torch.Size([512])
2023-12-02_17-56-15: conv5_x.2.sequence.1.bias: torch.Size([512])
2023-12-02_17-56-15: conv5_x.2.sequence.3.weight: torch.Size([512, 512, 3, 3])
2023-12-02_17-56-15: conv5_x.2.sequence.4.weight: torch.Size([512])
2023-12-02_17-56-15: conv5_x.2.sequence.4.bias: torch.Size([512])
2023-12-02_17-56-15: conv5_x.3.sequence.0.weight: torch.Size([512, 512, 3, 3])
2023-12-02_17-56-15: conv5_x.3.sequence.1.weight: torch.Size([512])
2023-12-02_17-56-15: conv5_x.3.sequence.1.bias: torch.Size([512])
2023-12-02_17-56-15: conv5_x.3.sequence.3.weight: torch.Size([512, 512, 3, 3])
2023-12-02_17-56-15: conv5_x.3.sequence.4.weight: torch.Size([512])
2023-12-02_17-56-15: conv5_x.3.sequence.4.bias: torch.Size([512])
2023-12-02_17-56-15: fc.weight: torch.Size([2, 512])
2023-12-02_17-56-15: fc.bias: torch.Size([2])
2023-12-02_17-56-15: 
Total parameters: 21,865,794;	Trainable: 21,865,794
2023-12-02_17-57-40: Epoch: 2 | Train loss: 0.42695015407091863 | Train acc: {'40X': 77.41, '100X': 78.99, '200X': 83.82, '400X': 80.35, 'avg_acc': 80.14, 'all_acc': 80.13} | Valid loss: 0.3160268059372902 | Valid acc: {'40X': 83.46, '100X': 87.05, '200X': 87.81, '400X': 85.99, 'avg_acc': 86.08, 'all_acc': 86.09}| Runtime: 1.4 mins
2023-12-02_17-59-06: Epoch: 3 | Train loss: 0.35802084559927116 | Train acc: {'40X': 82.18, '100X': 84.02, '200X': 84.56, '400X': 86.25, 'avg_acc': 84.25, 'all_acc': 84.21} | Valid loss: 0.34300206422805785 | Valid acc: {'40X': 84.21, '100X': 85.85, '200X': 88.06, '400X': 84.34, 'avg_acc': 85.62, 'all_acc': 85.65}| Runtime: 1.4 mins
2023-12-02_18-00-30: Epoch: 4 | Train loss: 0.3311074306634632 | Train acc: {'40X': 82.66, '100X': 85.21, '200X': 86.25, '400X': 86.62, 'avg_acc': 85.18, 'all_acc': 85.16} | Valid loss: 0.4072814506292343 | Valid acc: {'40X': 80.2, '100X': 82.49, '200X': 86.07, '400X': 85.44, 'avg_acc': 83.55, 'all_acc': 83.5}| Runtime: 1.4 mins
